<!DOCTYPE html>
<html>
<head>
<meta http-equiv="Content-Type" content="text/html; charset=utf-8"/>
<meta http-equiv="x-ua-compatible" content="IE=edge"/>
<title>Test results - IntegracaoTeste</title>
<link href="../css/base-style.css" rel="stylesheet" type="text/css"/>
<link href="../css/style.css" rel="stylesheet" type="text/css"/>
<script src="../js/report.js" type="text/javascript"></script>
</head>
<body>
<div id="content">
<h1>IntegracaoTeste</h1>
<div class="breadcrumbs">
<a href="../index.html">all</a> &gt; 
<a href="../packages/com.eronalves.consultafrete.testeautomatizado.html">com.eronalves.consultafrete.testeautomatizado</a> &gt; IntegracaoTeste</div>
<div id="summary">
<table>
<tr>
<td>
<div class="summaryGroup">
<table>
<tr>
<td>
<div class="infoBox" id="tests">
<div class="counter">7</div>
<p>tests</p>
</div>
</td>
<td>
<div class="infoBox" id="failures">
<div class="counter">1</div>
<p>failures</p>
</div>
</td>
<td>
<div class="infoBox" id="ignored">
<div class="counter">0</div>
<p>ignored</p>
</div>
</td>
<td>
<div class="infoBox" id="duration">
<div class="counter">3.140s</div>
<p>duration</p>
</div>
</td>
</tr>
</table>
</div>
</td>
<td>
<div class="infoBox failures" id="successRate">
<div class="percent">85%</div>
<p>successful</p>
</div>
</td>
</tr>
</table>
</div>
<div id="tabs">
<ul class="tabLinks">
<li>
<a href="#tab0">Failed tests</a>
</li>
<li>
<a href="#tab1">Tests</a>
</li>
<li>
<a href="#tab2">Standard output</a>
</li>
<li>
<a href="#tab3">Standard error</a>
</li>
</ul>
<div id="tab0" class="tab">
<h2>Failed tests</h2>
<div class="test">
<a name="O Usuario consulta um CEP que não existe"></a>
<h3 class="failures">O Usuario consulta um CEP que não existe</h3>
<span class="code">
<pre>org.springframework.web.client.RestClientException: Error while extracting response for type [class com.eronalves.consultafrete.models.response.GenericResponse] and content type [application/json]; nested exception is org.springframework.http.converter.HttpMessageNotReadableException: JSON parse error: Cannot construct instance of `com.eronalves.consultafrete.models.response.GenericResponse` (although at least one Creator exists): cannot deserialize from Object value (no delegate- or property-based Creator); nested exception is com.fasterxml.jackson.databind.exc.MismatchedInputException: Cannot construct instance of `com.eronalves.consultafrete.models.response.GenericResponse` (although at least one Creator exists): cannot deserialize from Object value (no delegate- or property-based Creator)
 at [Source: (org.springframework.util.StreamUtils$NonClosingInputStream); line: 1, column: 2]
	at app//org.springframework.web.client.HttpMessageConverterExtractor.extractData(HttpMessageConverterExtractor.java:120)
	at app//org.springframework.web.client.RestTemplate$ResponseEntityResponseExtractor.extractData(RestTemplate.java:1043)
	at app//org.springframework.web.client.RestTemplate$ResponseEntityResponseExtractor.extractData(RestTemplate.java:1026)
	at app//org.springframework.web.client.RestTemplate.doExecute(RestTemplate.java:784)
	at app//org.springframework.web.client.RestTemplate.execute(RestTemplate.java:717)
	at app//org.springframework.web.client.RestTemplate.postForEntity(RestTemplate.java:474)
	at app//com.eronalves.consultafrete.testeautomatizado.FormatoCepTest.o_usuario_faz_uma_chamada_com_cep_invalido(FormatoCepTest.java:62)
	at ✽.o usuario faz uma chamada com CEP invalido &quot;99999-999&quot;(file:///home/eronads/repos/ConsultaFrete/src/test/resources/features/trata_errors_api_viacep.feature:5)
Caused by: org.springframework.http.converter.HttpMessageNotReadableException: JSON parse error: Cannot construct instance of `com.eronalves.consultafrete.models.response.GenericResponse` (although at least one Creator exists): cannot deserialize from Object value (no delegate- or property-based Creator); nested exception is com.fasterxml.jackson.databind.exc.MismatchedInputException: Cannot construct instance of `com.eronalves.consultafrete.models.response.GenericResponse` (although at least one Creator exists): cannot deserialize from Object value (no delegate- or property-based Creator)
 at [Source: (org.springframework.util.StreamUtils$NonClosingInputStream); line: 1, column: 2]
	at app//org.springframework.http.converter.json.AbstractJackson2HttpMessageConverter.readJavaType(AbstractJackson2HttpMessageConverter.java:391)
	at app//org.springframework.http.converter.json.AbstractJackson2HttpMessageConverter.read(AbstractJackson2HttpMessageConverter.java:343)
	at app//org.springframework.web.client.HttpMessageConverterExtractor.extractData(HttpMessageConverterExtractor.java:105)
	at app//org.springframework.web.client.RestTemplate$ResponseEntityResponseExtractor.extractData(RestTemplate.java:1043)
	at app//org.springframework.web.client.RestTemplate$ResponseEntityResponseExtractor.extractData(RestTemplate.java:1026)
	at app//org.springframework.web.client.RestTemplate.doExecute(RestTemplate.java:784)
	at app//org.springframework.web.client.RestTemplate.execute(RestTemplate.java:717)
	at app//org.springframework.web.client.RestTemplate.postForEntity(RestTemplate.java:474)
	at app//com.eronalves.consultafrete.testeautomatizado.FormatoCepTest.o_usuario_faz_uma_chamada_com_cep_invalido(FormatoCepTest.java:62)
	at java.base@17.0.6/jdk.internal.reflect.NativeMethodAccessorImpl.invoke0(Native Method)
	at java.base@17.0.6/jdk.internal.reflect.NativeMethodAccessorImpl.invoke(NativeMethodAccessorImpl.java:77)
	at java.base@17.0.6/jdk.internal.reflect.DelegatingMethodAccessorImpl.invoke(DelegatingMethodAccessorImpl.java:43)
	at java.base@17.0.6/java.lang.reflect.Method.invoke(Method.java:568)
	at app//io.cucumber.java.Invoker.doInvoke(Invoker.java:66)
	at app//io.cucumber.java.Invoker.invoke(Invoker.java:24)
	at app//io.cucumber.java.AbstractGlueDefinition.invokeMethod(AbstractGlueDefinition.java:47)
	at app//io.cucumber.java.JavaStepDefinition.execute(JavaStepDefinition.java:29)
	at app//io.cucumber.core.runner.CoreStepDefinition.execute(CoreStepDefinition.java:66)
	at app//io.cucumber.core.runner.PickleStepDefinitionMatch.runStep(PickleStepDefinitionMatch.java:63)
	at app//io.cucumber.core.runner.ExecutionMode$1.execute(ExecutionMode.java:10)
	at app//io.cucumber.core.runner.TestStep.executeStep(TestStep.java:84)
	at app//io.cucumber.core.runner.TestStep.run(TestStep.java:56)
	at app//io.cucumber.core.runner.PickleStepTestStep.run(PickleStepTestStep.java:51)
	at app//io.cucumber.core.runner.TestCase.run(TestCase.java:84)
	at app//io.cucumber.core.runner.Runner.runPickle(Runner.java:75)
	at app//io.cucumber.junit.PickleRunners$NoStepDescriptions.lambda$run$0(PickleRunners.java:151)
	at app//io.cucumber.core.runtime.CucumberExecutionContext.lambda$runTestCase$5(CucumberExecutionContext.java:130)
	at app//io.cucumber.core.runtime.RethrowingThrowableCollector.executeAndThrow(RethrowingThrowableCollector.java:23)
	at app//io.cucumber.core.runtime.CucumberExecutionContext.runTestCase(CucumberExecutionContext.java:130)
	at app//io.cucumber.junit.PickleRunners$NoStepDescriptions.run(PickleRunners.java:148)
	at app//io.cucumber.junit.FeatureRunner.runChild(FeatureRunner.java:144)
	at app//io.cucumber.junit.FeatureRunner.runChild(FeatureRunner.java:28)
	at app//org.junit.runners.ParentRunner$4.run(ParentRunner.java:331)
	at app//org.junit.runners.ParentRunner$1.schedule(ParentRunner.java:79)
	at app//org.junit.runners.ParentRunner.runChildren(ParentRunner.java:329)
	at app//org.junit.runners.ParentRunner.access$100(ParentRunner.java:66)
	at app//org.junit.runners.ParentRunner$2.evaluate(ParentRunner.java:293)
	at app//org.junit.runners.ParentRunner$3.evaluate(ParentRunner.java:306)
	at app//org.junit.runners.ParentRunner.run(ParentRunner.java:413)
	at app//io.cucumber.junit.FeatureRunner.run(FeatureRunner.java:137)
	at app//io.cucumber.junit.Cucumber.runChild(Cucumber.java:196)
	at app//io.cucumber.junit.Cucumber.runChild(Cucumber.java:89)
	at app//org.junit.runners.ParentRunner$4.run(ParentRunner.java:331)
	at app//org.junit.runners.ParentRunner$1.schedule(ParentRunner.java:79)
	at app//org.junit.runners.ParentRunner.runChildren(ParentRunner.java:329)
	at app//org.junit.runners.ParentRunner.access$100(ParentRunner.java:66)
	at app//org.junit.runners.ParentRunner$2.evaluate(ParentRunner.java:293)
	at app//io.cucumber.junit.Cucumber$RunBeforeAllHooks.evaluate(Cucumber.java:266)
	at app//io.cucumber.junit.Cucumber$RunAfterAllHooks.evaluate(Cucumber.java:281)
	at app//io.cucumber.junit.Cucumber$StartTestRun.evaluate(Cucumber.java:233)
	at app//io.cucumber.junit.Cucumber$FinishTestRun.evaluate(Cucumber.java:248)
	at app//org.junit.runners.ParentRunner$3.evaluate(ParentRunner.java:306)
	at app//org.junit.runners.ParentRunner.run(ParentRunner.java:413)
	at app//org.junit.runner.JUnitCore.run(JUnitCore.java:137)
	at app//org.junit.runner.JUnitCore.run(JUnitCore.java:115)
	at app//org.junit.vintage.engine.execution.RunnerExecutor.execute(RunnerExecutor.java:42)
	at app//org.junit.vintage.engine.VintageTestEngine.executeAllChildren(VintageTestEngine.java:80)
	at app//org.junit.vintage.engine.VintageTestEngine.execute(VintageTestEngine.java:72)
	at org.junit.platform.launcher.core.EngineExecutionOrchestrator.execute(EngineExecutionOrchestrator.java:107)
	at org.junit.platform.launcher.core.EngineExecutionOrchestrator.execute(EngineExecutionOrchestrator.java:88)
	at org.junit.platform.launcher.core.EngineExecutionOrchestrator.lambda$execute$0(EngineExecutionOrchestrator.java:54)
	at org.junit.platform.launcher.core.EngineExecutionOrchestrator.withInterceptedStreams(EngineExecutionOrchestrator.java:67)
	at org.junit.platform.launcher.core.EngineExecutionOrchestrator.execute(EngineExecutionOrchestrator.java:52)
	at org.junit.platform.launcher.core.DefaultLauncher.execute(DefaultLauncher.java:114)
	at org.junit.platform.launcher.core.DefaultLauncher.execute(DefaultLauncher.java:86)
	at org.junit.platform.launcher.core.DefaultLauncherSession$DelegatingLauncher.execute(DefaultLauncherSession.java:86)
	at org.junit.platform.launcher.core.SessionPerRequestLauncher.execute(SessionPerRequestLauncher.java:53)
	at org.gradle.api.internal.tasks.testing.junitplatform.JUnitPlatformTestClassProcessor$CollectAllTestClassesExecutor.processAllTestClasses(JUnitPlatformTestClassProcessor.java:99)
	at org.gradle.api.internal.tasks.testing.junitplatform.JUnitPlatformTestClassProcessor$CollectAllTestClassesExecutor.access$000(JUnitPlatformTestClassProcessor.java:79)
	at org.gradle.api.internal.tasks.testing.junitplatform.JUnitPlatformTestClassProcessor.stop(JUnitPlatformTestClassProcessor.java:75)
	at org.gradle.api.internal.tasks.testing.SuiteTestClassProcessor.stop(SuiteTestClassProcessor.java:62)
	at java.base@17.0.6/jdk.internal.reflect.NativeMethodAccessorImpl.invoke0(Native Method)
	at java.base@17.0.6/jdk.internal.reflect.NativeMethodAccessorImpl.invoke(NativeMethodAccessorImpl.java:77)
	at java.base@17.0.6/jdk.internal.reflect.DelegatingMethodAccessorImpl.invoke(DelegatingMethodAccessorImpl.java:43)
	at java.base@17.0.6/java.lang.reflect.Method.invoke(Method.java:568)
	at org.gradle.internal.dispatch.ReflectionDispatch.dispatch(ReflectionDispatch.java:36)
	at org.gradle.internal.dispatch.ReflectionDispatch.dispatch(ReflectionDispatch.java:24)
	at org.gradle.internal.dispatch.ContextClassLoaderDispatch.dispatch(ContextClassLoaderDispatch.java:33)
	at org.gradle.internal.dispatch.ProxyDispatchAdapter$DispatchingInvocationHandler.invoke(ProxyDispatchAdapter.java:94)
	at jdk.proxy1/jdk.proxy1.$Proxy2.stop(Unknown Source)
	at org.gradle.api.internal.tasks.testing.worker.TestWorker$3.run(TestWorker.java:193)
	at org.gradle.api.internal.tasks.testing.worker.TestWorker.executeAndMaintainThreadName(TestWorker.java:129)
	at org.gradle.api.internal.tasks.testing.worker.TestWorker.execute(TestWorker.java:100)
	at org.gradle.api.internal.tasks.testing.worker.TestWorker.execute(TestWorker.java:60)
	at org.gradle.process.internal.worker.child.ActionExecutionWorker.execute(ActionExecutionWorker.java:56)
	at org.gradle.process.internal.worker.child.SystemApplicationClassLoaderWorker.call(SystemApplicationClassLoaderWorker.java:113)
	at org.gradle.process.internal.worker.child.SystemApplicationClassLoaderWorker.call(SystemApplicationClassLoaderWorker.java:65)
	at app//worker.org.gradle.process.internal.worker.GradleWorkerMain.run(GradleWorkerMain.java:69)
	at app//worker.org.gradle.process.internal.worker.GradleWorkerMain.main(GradleWorkerMain.java:74)
Caused by: com.fasterxml.jackson.databind.exc.MismatchedInputException: Cannot construct instance of `com.eronalves.consultafrete.models.response.GenericResponse` (although at least one Creator exists): cannot deserialize from Object value (no delegate- or property-based Creator)
 at [Source: (org.springframework.util.StreamUtils$NonClosingInputStream); line: 1, column: 2]
	at app//com.fasterxml.jackson.databind.exc.MismatchedInputException.from(MismatchedInputException.java:63)
	at app//com.fasterxml.jackson.databind.DeserializationContext.reportInputMismatch(DeserializationContext.java:1728)
	at app//com.fasterxml.jackson.databind.DeserializationContext.handleMissingInstantiator(DeserializationContext.java:1353)
	at app//com.fasterxml.jackson.databind.deser.BeanDeserializerBase.deserializeFromObjectUsingNonDefault(BeanDeserializerBase.java:1415)
	at app//com.fasterxml.jackson.databind.deser.BeanDeserializer.deserializeFromObject(BeanDeserializer.java:352)
	at app//com.fasterxml.jackson.databind.deser.BeanDeserializer.deserialize(BeanDeserializer.java:185)
	at app//com.fasterxml.jackson.databind.deser.DefaultDeserializationContext.readRootValue(DefaultDeserializationContext.java:323)
	at app//com.fasterxml.jackson.databind.ObjectMapper._readMapAndClose(ObjectMapper.java:4674)
	at app//com.fasterxml.jackson.databind.ObjectMapper.readValue(ObjectMapper.java:3682)
	at app//org.springframework.http.converter.json.AbstractJackson2HttpMessageConverter.readJavaType(AbstractJackson2HttpMessageConverter.java:380)
	... 88 more
</pre>
</span>
</div>
</div>
<div id="tab1" class="tab">
<h2>Tests</h2>
<table>
<thead>
<tr>
<th>Test</th>
<th>Duration</th>
<th>Result</th>
</tr>
</thead>
<tr>
<td class="success">Envia CEP com a máscara incorreta (traço na posição incorreta)</td>
<td class="success">0.014s</td>
<td class="success">passed</td>
</tr>
<tr>
<td class="success">Envia CEP com algum caractere que não seja numérico</td>
<td class="success">0.033s</td>
<td class="success">passed</td>
</tr>
<tr>
<td class="success">Envia CEP com mais digitos numéricos</td>
<td class="success">0.018s</td>
<td class="success">passed</td>
</tr>
<tr>
<td class="success">Envia CEP com menos dígitos numéricos</td>
<td class="success">0.023s</td>
<td class="success">passed</td>
</tr>
<tr>
<td class="success">Envia CEP com máscara</td>
<td class="success">0.162s</td>
<td class="success">passed</td>
</tr>
<tr>
<td class="success">Envia CEP sem mascara</td>
<td class="success">2.715s</td>
<td class="success">passed</td>
</tr>
<tr>
<td class="failures">O Usuario consulta um CEP que não existe</td>
<td class="failures">0.175s</td>
<td class="failures">failed</td>
</tr>
</table>
</div>
<div id="tab2" class="tab">
<h2>Standard output</h2>
<span class="code">
<pre>18:48:59.564 [Test worker] DEBUG org.springframework.test.context.BootstrapUtils - Instantiating CacheAwareContextLoaderDelegate from class [org.springframework.test.context.cache.DefaultCacheAwareContextLoaderDelegate]
18:48:59.571 [Test worker] DEBUG org.springframework.test.context.BootstrapUtils - Instantiating BootstrapContext using constructor [public org.springframework.test.context.support.DefaultBootstrapContext(java.lang.Class,org.springframework.test.context.CacheAwareContextLoaderDelegate)]
18:48:59.582 [Test worker] DEBUG org.springframework.test.context.BootstrapUtils - Instantiating TestContextBootstrapper for test class [com.eronalves.consultafrete.testeautomatizado.SpringConfig] from class [org.springframework.boot.test.context.SpringBootTestContextBootstrapper]
18:48:59.591 [Test worker] INFO org.springframework.boot.test.context.SpringBootTestContextBootstrapper - Neither @ContextConfiguration nor @ContextHierarchy found for test class [com.eronalves.consultafrete.testeautomatizado.SpringConfig], using SpringBootContextLoader
18:48:59.594 [Test worker] DEBUG org.springframework.test.context.support.AbstractContextLoader - Did not detect default resource location for test class [com.eronalves.consultafrete.testeautomatizado.SpringConfig]: class path resource [com/eronalves/consultafrete/testeautomatizado/SpringConfig-context.xml] does not exist
18:48:59.594 [Test worker] DEBUG org.springframework.test.context.support.AbstractContextLoader - Did not detect default resource location for test class [com.eronalves.consultafrete.testeautomatizado.SpringConfig]: class path resource [com/eronalves/consultafrete/testeautomatizado/SpringConfigContext.groovy] does not exist
18:48:59.594 [Test worker] INFO org.springframework.test.context.support.AbstractContextLoader - Could not detect default resource locations for test class [com.eronalves.consultafrete.testeautomatizado.SpringConfig]: no resource found for suffixes {-context.xml, Context.groovy}.
18:48:59.595 [Test worker] INFO org.springframework.test.context.support.AnnotationConfigContextLoaderUtils - Could not detect default configuration classes for test class [com.eronalves.consultafrete.testeautomatizado.SpringConfig]: SpringConfig does not declare any static, non-private, non-final, nested classes annotated with @Configuration.
18:48:59.629 [Test worker] DEBUG org.springframework.test.context.support.ActiveProfilesUtils - Could not find an 'annotation declaring class' for annotation type [org.springframework.test.context.ActiveProfiles] and class [com.eronalves.consultafrete.testeautomatizado.SpringConfig]
18:48:59.682 [Test worker] DEBUG org.springframework.context.annotation.ClassPathScanningCandidateComponentProvider - Identified candidate component class: file [/home/eronads/repos/ConsultaFrete/build/classes/java/main/com/eronalves/consultafrete/ConsultafreteApplication.class]
18:48:59.683 [Test worker] INFO org.springframework.boot.test.context.SpringBootTestContextBootstrapper - Found @SpringBootConfiguration com.eronalves.consultafrete.ConsultafreteApplication for test class com.eronalves.consultafrete.testeautomatizado.SpringConfig
18:48:59.752 [Test worker] DEBUG org.springframework.boot.test.context.SpringBootTestContextBootstrapper - @TestExecutionListeners is not present for class [com.eronalves.consultafrete.testeautomatizado.SpringConfig]: using defaults.
18:48:59.752 [Test worker] INFO org.springframework.boot.test.context.SpringBootTestContextBootstrapper - Loaded default TestExecutionListener class names from location [META-INF/spring.factories]: [org.springframework.boot.test.autoconfigure.restdocs.RestDocsTestExecutionListener, org.springframework.boot.test.autoconfigure.web.client.MockRestServiceServerResetTestExecutionListener, org.springframework.boot.test.autoconfigure.web.servlet.MockMvcPrintOnlyOnFailureTestExecutionListener, org.springframework.boot.test.autoconfigure.web.servlet.WebDriverTestExecutionListener, org.springframework.boot.test.autoconfigure.webservices.client.MockWebServiceServerTestExecutionListener, org.springframework.boot.test.mock.mockito.MockitoTestExecutionListener, org.springframework.boot.test.mock.mockito.ResetMocksTestExecutionListener, org.springframework.test.context.web.ServletTestExecutionListener, org.springframework.test.context.support.DirtiesContextBeforeModesTestExecutionListener, org.springframework.test.context.event.ApplicationEventsTestExecutionListener, org.springframework.test.context.support.DependencyInjectionTestExecutionListener, org.springframework.test.context.support.DirtiesContextTestExecutionListener, org.springframework.test.context.transaction.TransactionalTestExecutionListener, org.springframework.test.context.jdbc.SqlScriptsTestExecutionListener, org.springframework.test.context.event.EventPublishingTestExecutionListener]
18:48:59.758 [Test worker] DEBUG org.springframework.boot.test.context.SpringBootTestContextBootstrapper - Skipping candidate TestExecutionListener [org.springframework.test.context.transaction.TransactionalTestExecutionListener] due to a missing dependency. Specify custom listener classes or make the default listener classes and their required dependencies available. Offending class: [org/springframework/transaction/TransactionDefinition]
18:48:59.759 [Test worker] DEBUG org.springframework.boot.test.context.SpringBootTestContextBootstrapper - Skipping candidate TestExecutionListener [org.springframework.test.context.jdbc.SqlScriptsTestExecutionListener] due to a missing dependency. Specify custom listener classes or make the default listener classes and their required dependencies available. Offending class: [org/springframework/transaction/interceptor/TransactionAttribute]
18:48:59.759 [Test worker] INFO org.springframework.boot.test.context.SpringBootTestContextBootstrapper - Using TestExecutionListeners: [org.springframework.test.context.web.ServletTestExecutionListener@1603dc2f, org.springframework.test.context.support.DirtiesContextBeforeModesTestExecutionListener@398474a2, org.springframework.test.context.event.ApplicationEventsTestExecutionListener@61799544, org.springframework.boot.test.mock.mockito.MockitoTestExecutionListener@78c1a023, org.springframework.boot.test.autoconfigure.SpringBootDependencyInjectionTestExecutionListener@70abf9b0, org.springframework.test.context.support.DirtiesContextTestExecutionListener@6a10b263, org.springframework.test.context.event.EventPublishingTestExecutionListener@476ec9d0, org.springframework.boot.test.autoconfigure.restdocs.RestDocsTestExecutionListener@325bb9a6, org.springframework.boot.test.autoconfigure.web.client.MockRestServiceServerResetTestExecutionListener@1d12b024, org.springframework.boot.test.autoconfigure.web.servlet.MockMvcPrintOnlyOnFailureTestExecutionListener@72fe8a4f, org.springframework.boot.test.autoconfigure.web.servlet.WebDriverTestExecutionListener@43effd89, org.springframework.boot.test.autoconfigure.webservices.client.MockWebServiceServerTestExecutionListener@2c16fadb, org.springframework.boot.test.mock.mockito.ResetMocksTestExecutionListener@248deced]

  .   ____          _            __ _ _
 /\\ / ___'_ __ _ _(_)_ __  __ _ \ \ \ \
( ( )\___ | '_ | '_| | '_ \/ _` | \ \ \ \
 \\/  ___)| |_)| | | | | || (_| |  ) ) ) )
  '  |____| .__|_| |_|_| |_\__, | / / / /
 =========|_|==============|___/=/_/_/_/
 :: Spring Boot ::                (v2.7.9)

2023-03-02 18:49:00.008  INFO 11481 --- [    Test worker] c.e.c.testeautomatizado.SpringConfig     : Starting SpringConfig using Java 17.0.6 on eron-virtualbox with PID 11481 (started by eronads in /home/eronads/repos/ConsultaFrete)
2023-03-02 18:49:00.010  INFO 11481 --- [    Test worker] c.e.c.testeautomatizado.SpringConfig     : No active profile set, falling back to 1 default profile: &quot;default&quot;
2023-03-02 18:49:00.888  INFO 11481 --- [    Test worker] o.s.b.w.embedded.tomcat.TomcatWebServer  : Tomcat initialized with port(s): 8080 (http)
2023-03-02 18:49:00.900  INFO 11481 --- [    Test worker] o.apache.catalina.core.StandardService   : Starting service [Tomcat]
2023-03-02 18:49:00.900  INFO 11481 --- [    Test worker] org.apache.catalina.core.StandardEngine  : Starting Servlet engine: [Apache Tomcat/9.0.71]
2023-03-02 18:49:00.988  INFO 11481 --- [    Test worker] o.a.c.c.C.[Tomcat].[localhost].[/]       : Initializing Spring embedded WebApplicationContext
2023-03-02 18:49:00.988  INFO 11481 --- [    Test worker] w.s.c.ServletWebServerApplicationContext : Root WebApplicationContext: initialization completed in 958 ms
2023-03-02 18:49:01.398  INFO 11481 --- [    Test worker] o.s.b.w.embedded.tomcat.TomcatWebServer  : Tomcat started on port(s): 8080 (http) with context path ''
2023-03-02 18:49:01.407  INFO 11481 --- [    Test worker] c.e.c.testeautomatizado.SpringConfig     : Started SpringConfig in 1.631 seconds (JVM running for 2.677)
2023-03-02 18:49:01.868  INFO 11481 --- [nio-8080-exec-1] o.a.c.c.C.[Tomcat].[localhost].[/]       : Initializing Spring DispatcherServlet 'dispatcherServlet'
2023-03-02 18:49:01.868  INFO 11481 --- [nio-8080-exec-1] o.s.web.servlet.DispatcherServlet        : Initializing Servlet 'dispatcherServlet'
2023-03-02 18:49:01.869  INFO 11481 --- [nio-8080-exec-1] o.s.web.servlet.DispatcherServlet        : Completed initialization in 1 ms
ConsultaResponse [cep=01001-000, rua=Praça da Sé, complemento=lado ímpar, bairro=Sé, cidade=São Paulo, estado=SP, frete=7.85]
2023-03-02 18:49:02.232  INFO 11481 --- [    Test worker] .b.t.c.SpringBootTestContextBootstrapper : Neither @ContextConfiguration nor @ContextHierarchy found for test class [com.eronalves.consultafrete.testeautomatizado.SpringConfig], using SpringBootContextLoader
2023-03-02 18:49:02.233  INFO 11481 --- [    Test worker] o.s.t.c.support.AbstractContextLoader    : Could not detect default resource locations for test class [com.eronalves.consultafrete.testeautomatizado.SpringConfig]: no resource found for suffixes {-context.xml, Context.groovy}.
2023-03-02 18:49:02.233  INFO 11481 --- [    Test worker] t.c.s.AnnotationConfigContextLoaderUtils : Could not detect default configuration classes for test class [com.eronalves.consultafrete.testeautomatizado.SpringConfig]: SpringConfig does not declare any static, non-private, non-final, nested classes annotated with @Configuration.
2023-03-02 18:49:02.234  INFO 11481 --- [    Test worker] .b.t.c.SpringBootTestContextBootstrapper : Found @SpringBootConfiguration com.eronalves.consultafrete.ConsultafreteApplication for test class com.eronalves.consultafrete.testeautomatizado.SpringConfig
2023-03-02 18:49:02.235  INFO 11481 --- [    Test worker] .b.t.c.SpringBootTestContextBootstrapper : Loaded default TestExecutionListener class names from location [META-INF/spring.factories]: [org.springframework.boot.test.autoconfigure.restdocs.RestDocsTestExecutionListener, org.springframework.boot.test.autoconfigure.web.client.MockRestServiceServerResetTestExecutionListener, org.springframework.boot.test.autoconfigure.web.servlet.MockMvcPrintOnlyOnFailureTestExecutionListener, org.springframework.boot.test.autoconfigure.web.servlet.WebDriverTestExecutionListener, org.springframework.boot.test.autoconfigure.webservices.client.MockWebServiceServerTestExecutionListener, org.springframework.boot.test.mock.mockito.MockitoTestExecutionListener, org.springframework.boot.test.mock.mockito.ResetMocksTestExecutionListener, org.springframework.test.context.web.ServletTestExecutionListener, org.springframework.test.context.support.DirtiesContextBeforeModesTestExecutionListener, org.springframework.test.context.event.ApplicationEventsTestExecutionListener, org.springframework.test.context.support.DependencyInjectionTestExecutionListener, org.springframework.test.context.support.DirtiesContextTestExecutionListener, org.springframework.test.context.transaction.TransactionalTestExecutionListener, org.springframework.test.context.jdbc.SqlScriptsTestExecutionListener, org.springframework.test.context.event.EventPublishingTestExecutionListener]
2023-03-02 18:49:02.236  INFO 11481 --- [    Test worker] .b.t.c.SpringBootTestContextBootstrapper : Using TestExecutionListeners: [org.springframework.test.context.web.ServletTestExecutionListener@3f4964f2, org.springframework.test.context.support.DirtiesContextBeforeModesTestExecutionListener@3bf01a01, org.springframework.test.context.event.ApplicationEventsTestExecutionListener@299cab08, org.springframework.boot.test.mock.mockito.MockitoTestExecutionListener@6c75e3bc, org.springframework.boot.test.autoconfigure.SpringBootDependencyInjectionTestExecutionListener@186f7434, org.springframework.test.context.support.DirtiesContextTestExecutionListener@2374452a, org.springframework.test.context.event.EventPublishingTestExecutionListener@6ffc6ea7, org.springframework.boot.test.autoconfigure.restdocs.RestDocsTestExecutionListener@2c5708e7, org.springframework.boot.test.autoconfigure.web.client.MockRestServiceServerResetTestExecutionListener@4ffa078d, org.springframework.boot.test.autoconfigure.web.servlet.MockMvcPrintOnlyOnFailureTestExecutionListener@4e26564d, org.springframework.boot.test.autoconfigure.web.servlet.WebDriverTestExecutionListener@42238078, org.springframework.boot.test.autoconfigure.webservices.client.MockWebServiceServerTestExecutionListener@5627b8eb, org.springframework.boot.test.mock.mockito.ResetMocksTestExecutionListener@49fe0bcd]
ConsultaResponse [cep=01001-000, rua=Praça da Sé, complemento=lado ímpar, bairro=Sé, cidade=São Paulo, estado=SP, frete=7.85]
2023-03-02 18:49:02.394  INFO 11481 --- [    Test worker] .b.t.c.SpringBootTestContextBootstrapper : Neither @ContextConfiguration nor @ContextHierarchy found for test class [com.eronalves.consultafrete.testeautomatizado.SpringConfig], using SpringBootContextLoader
2023-03-02 18:49:02.394  INFO 11481 --- [    Test worker] o.s.t.c.support.AbstractContextLoader    : Could not detect default resource locations for test class [com.eronalves.consultafrete.testeautomatizado.SpringConfig]: no resource found for suffixes {-context.xml, Context.groovy}.
2023-03-02 18:49:02.395  INFO 11481 --- [    Test worker] t.c.s.AnnotationConfigContextLoaderUtils : Could not detect default configuration classes for test class [com.eronalves.consultafrete.testeautomatizado.SpringConfig]: SpringConfig does not declare any static, non-private, non-final, nested classes annotated with @Configuration.
2023-03-02 18:49:02.396  INFO 11481 --- [    Test worker] .b.t.c.SpringBootTestContextBootstrapper : Found @SpringBootConfiguration com.eronalves.consultafrete.ConsultafreteApplication for test class com.eronalves.consultafrete.testeautomatizado.SpringConfig
2023-03-02 18:49:02.397  INFO 11481 --- [    Test worker] .b.t.c.SpringBootTestContextBootstrapper : Loaded default TestExecutionListener class names from location [META-INF/spring.factories]: [org.springframework.boot.test.autoconfigure.restdocs.RestDocsTestExecutionListener, org.springframework.boot.test.autoconfigure.web.client.MockRestServiceServerResetTestExecutionListener, org.springframework.boot.test.autoconfigure.web.servlet.MockMvcPrintOnlyOnFailureTestExecutionListener, org.springframework.boot.test.autoconfigure.web.servlet.WebDriverTestExecutionListener, org.springframework.boot.test.autoconfigure.webservices.client.MockWebServiceServerTestExecutionListener, org.springframework.boot.test.mock.mockito.MockitoTestExecutionListener, org.springframework.boot.test.mock.mockito.ResetMocksTestExecutionListener, org.springframework.test.context.web.ServletTestExecutionListener, org.springframework.test.context.support.DirtiesContextBeforeModesTestExecutionListener, org.springframework.test.context.event.ApplicationEventsTestExecutionListener, org.springframework.test.context.support.DependencyInjectionTestExecutionListener, org.springframework.test.context.support.DirtiesContextTestExecutionListener, org.springframework.test.context.transaction.TransactionalTestExecutionListener, org.springframework.test.context.jdbc.SqlScriptsTestExecutionListener, org.springframework.test.context.event.EventPublishingTestExecutionListener]
2023-03-02 18:49:02.398  INFO 11481 --- [    Test worker] .b.t.c.SpringBootTestContextBootstrapper : Using TestExecutionListeners: [org.springframework.test.context.web.ServletTestExecutionListener@397a10df, org.springframework.test.context.support.DirtiesContextBeforeModesTestExecutionListener@39a865c1, org.springframework.test.context.event.ApplicationEventsTestExecutionListener@141dfcf9, org.springframework.boot.test.mock.mockito.MockitoTestExecutionListener@a7bbdbc, org.springframework.boot.test.autoconfigure.SpringBootDependencyInjectionTestExecutionListener@63eea8c4, org.springframework.test.context.support.DirtiesContextTestExecutionListener@19924f15, org.springframework.test.context.event.EventPublishingTestExecutionListener@621392ea, org.springframework.boot.test.autoconfigure.restdocs.RestDocsTestExecutionListener@35524549, org.springframework.boot.test.autoconfigure.web.client.MockRestServiceServerResetTestExecutionListener@23ec63af, org.springframework.boot.test.autoconfigure.web.servlet.MockMvcPrintOnlyOnFailureTestExecutionListener@280d6a20, org.springframework.boot.test.autoconfigure.web.servlet.WebDriverTestExecutionListener@56f72909, org.springframework.boot.test.autoconfigure.webservices.client.MockWebServiceServerTestExecutionListener@71285693, org.springframework.boot.test.mock.mockito.ResetMocksTestExecutionListener@3199a202]
2023-03-02 18:49:02.418  INFO 11481 --- [    Test worker] .b.t.c.SpringBootTestContextBootstrapper : Neither @ContextConfiguration nor @ContextHierarchy found for test class [com.eronalves.consultafrete.testeautomatizado.SpringConfig], using SpringBootContextLoader
2023-03-02 18:49:02.418  INFO 11481 --- [    Test worker] o.s.t.c.support.AbstractContextLoader    : Could not detect default resource locations for test class [com.eronalves.consultafrete.testeautomatizado.SpringConfig]: no resource found for suffixes {-context.xml, Context.groovy}.
2023-03-02 18:49:02.419  INFO 11481 --- [    Test worker] t.c.s.AnnotationConfigContextLoaderUtils : Could not detect default configuration classes for test class [com.eronalves.consultafrete.testeautomatizado.SpringConfig]: SpringConfig does not declare any static, non-private, non-final, nested classes annotated with @Configuration.
2023-03-02 18:49:02.420  INFO 11481 --- [    Test worker] .b.t.c.SpringBootTestContextBootstrapper : Found @SpringBootConfiguration com.eronalves.consultafrete.ConsultafreteApplication for test class com.eronalves.consultafrete.testeautomatizado.SpringConfig
2023-03-02 18:49:02.421  INFO 11481 --- [    Test worker] .b.t.c.SpringBootTestContextBootstrapper : Loaded default TestExecutionListener class names from location [META-INF/spring.factories]: [org.springframework.boot.test.autoconfigure.restdocs.RestDocsTestExecutionListener, org.springframework.boot.test.autoconfigure.web.client.MockRestServiceServerResetTestExecutionListener, org.springframework.boot.test.autoconfigure.web.servlet.MockMvcPrintOnlyOnFailureTestExecutionListener, org.springframework.boot.test.autoconfigure.web.servlet.WebDriverTestExecutionListener, org.springframework.boot.test.autoconfigure.webservices.client.MockWebServiceServerTestExecutionListener, org.springframework.boot.test.mock.mockito.MockitoTestExecutionListener, org.springframework.boot.test.mock.mockito.ResetMocksTestExecutionListener, org.springframework.test.context.web.ServletTestExecutionListener, org.springframework.test.context.support.DirtiesContextBeforeModesTestExecutionListener, org.springframework.test.context.event.ApplicationEventsTestExecutionListener, org.springframework.test.context.support.DependencyInjectionTestExecutionListener, org.springframework.test.context.support.DirtiesContextTestExecutionListener, org.springframework.test.context.transaction.TransactionalTestExecutionListener, org.springframework.test.context.jdbc.SqlScriptsTestExecutionListener, org.springframework.test.context.event.EventPublishingTestExecutionListener]
2023-03-02 18:49:02.422  INFO 11481 --- [    Test worker] .b.t.c.SpringBootTestContextBootstrapper : Using TestExecutionListeners: [org.springframework.test.context.web.ServletTestExecutionListener@18ac4af6, org.springframework.test.context.support.DirtiesContextBeforeModesTestExecutionListener@117fb9ba, org.springframework.test.context.event.ApplicationEventsTestExecutionListener@2b1d1a5, org.springframework.boot.test.mock.mockito.MockitoTestExecutionListener@41e7a544, org.springframework.boot.test.autoconfigure.SpringBootDependencyInjectionTestExecutionListener@3b66ac74, org.springframework.test.context.support.DirtiesContextTestExecutionListener@573870cb, org.springframework.test.context.event.EventPublishingTestExecutionListener@5b88af70, org.springframework.boot.test.autoconfigure.restdocs.RestDocsTestExecutionListener@2739ecc0, org.springframework.boot.test.autoconfigure.web.client.MockRestServiceServerResetTestExecutionListener@2932e15f, org.springframework.boot.test.autoconfigure.web.servlet.MockMvcPrintOnlyOnFailureTestExecutionListener@3d98729a, org.springframework.boot.test.autoconfigure.web.servlet.WebDriverTestExecutionListener@2375a976, org.springframework.boot.test.autoconfigure.webservices.client.MockWebServiceServerTestExecutionListener@4bc21e34, org.springframework.boot.test.mock.mockito.ResetMocksTestExecutionListener@7544260a]
2023-03-02 18:49:02.437  INFO 11481 --- [    Test worker] .b.t.c.SpringBootTestContextBootstrapper : Neither @ContextConfiguration nor @ContextHierarchy found for test class [com.eronalves.consultafrete.testeautomatizado.SpringConfig], using SpringBootContextLoader
2023-03-02 18:49:02.438  INFO 11481 --- [    Test worker] o.s.t.c.support.AbstractContextLoader    : Could not detect default resource locations for test class [com.eronalves.consultafrete.testeautomatizado.SpringConfig]: no resource found for suffixes {-context.xml, Context.groovy}.
2023-03-02 18:49:02.438  INFO 11481 --- [    Test worker] t.c.s.AnnotationConfigContextLoaderUtils : Could not detect default configuration classes for test class [com.eronalves.consultafrete.testeautomatizado.SpringConfig]: SpringConfig does not declare any static, non-private, non-final, nested classes annotated with @Configuration.
2023-03-02 18:49:02.439  INFO 11481 --- [    Test worker] .b.t.c.SpringBootTestContextBootstrapper : Found @SpringBootConfiguration com.eronalves.consultafrete.ConsultafreteApplication for test class com.eronalves.consultafrete.testeautomatizado.SpringConfig
2023-03-02 18:49:02.440  INFO 11481 --- [    Test worker] .b.t.c.SpringBootTestContextBootstrapper : Loaded default TestExecutionListener class names from location [META-INF/spring.factories]: [org.springframework.boot.test.autoconfigure.restdocs.RestDocsTestExecutionListener, org.springframework.boot.test.autoconfigure.web.client.MockRestServiceServerResetTestExecutionListener, org.springframework.boot.test.autoconfigure.web.servlet.MockMvcPrintOnlyOnFailureTestExecutionListener, org.springframework.boot.test.autoconfigure.web.servlet.WebDriverTestExecutionListener, org.springframework.boot.test.autoconfigure.webservices.client.MockWebServiceServerTestExecutionListener, org.springframework.boot.test.mock.mockito.MockitoTestExecutionListener, org.springframework.boot.test.mock.mockito.ResetMocksTestExecutionListener, org.springframework.test.context.web.ServletTestExecutionListener, org.springframework.test.context.support.DirtiesContextBeforeModesTestExecutionListener, org.springframework.test.context.event.ApplicationEventsTestExecutionListener, org.springframework.test.context.support.DependencyInjectionTestExecutionListener, org.springframework.test.context.support.DirtiesContextTestExecutionListener, org.springframework.test.context.transaction.TransactionalTestExecutionListener, org.springframework.test.context.jdbc.SqlScriptsTestExecutionListener, org.springframework.test.context.event.EventPublishingTestExecutionListener]
2023-03-02 18:49:02.440  INFO 11481 --- [    Test worker] .b.t.c.SpringBootTestContextBootstrapper : Using TestExecutionListeners: [org.springframework.test.context.web.ServletTestExecutionListener@ace2408, org.springframework.test.context.support.DirtiesContextBeforeModesTestExecutionListener@3573e19d, org.springframework.test.context.event.ApplicationEventsTestExecutionListener@5c1dd18, org.springframework.boot.test.mock.mockito.MockitoTestExecutionListener@2a6dbb7c, org.springframework.boot.test.autoconfigure.SpringBootDependencyInjectionTestExecutionListener@5178345d, org.springframework.test.context.support.DirtiesContextTestExecutionListener@7b2d58e6, org.springframework.test.context.event.EventPublishingTestExecutionListener@708f7386, org.springframework.boot.test.autoconfigure.restdocs.RestDocsTestExecutionListener@377e90b0, org.springframework.boot.test.autoconfigure.web.client.MockRestServiceServerResetTestExecutionListener@27b490de, org.springframework.boot.test.autoconfigure.web.servlet.MockMvcPrintOnlyOnFailureTestExecutionListener@36cf16a6, org.springframework.boot.test.autoconfigure.web.servlet.WebDriverTestExecutionListener@3dd750ba, org.springframework.boot.test.autoconfigure.webservices.client.MockWebServiceServerTestExecutionListener@7eefaca0, org.springframework.boot.test.mock.mockito.ResetMocksTestExecutionListener@7d5ef1c3]
2023-03-02 18:49:02.452  INFO 11481 --- [    Test worker] .b.t.c.SpringBootTestContextBootstrapper : Neither @ContextConfiguration nor @ContextHierarchy found for test class [com.eronalves.consultafrete.testeautomatizado.SpringConfig], using SpringBootContextLoader
2023-03-02 18:49:02.452  INFO 11481 --- [    Test worker] o.s.t.c.support.AbstractContextLoader    : Could not detect default resource locations for test class [com.eronalves.consultafrete.testeautomatizado.SpringConfig]: no resource found for suffixes {-context.xml, Context.groovy}.
2023-03-02 18:49:02.452  INFO 11481 --- [    Test worker] t.c.s.AnnotationConfigContextLoaderUtils : Could not detect default configuration classes for test class [com.eronalves.consultafrete.testeautomatizado.SpringConfig]: SpringConfig does not declare any static, non-private, non-final, nested classes annotated with @Configuration.
2023-03-02 18:49:02.454  INFO 11481 --- [    Test worker] .b.t.c.SpringBootTestContextBootstrapper : Found @SpringBootConfiguration com.eronalves.consultafrete.ConsultafreteApplication for test class com.eronalves.consultafrete.testeautomatizado.SpringConfig
2023-03-02 18:49:02.455  INFO 11481 --- [    Test worker] .b.t.c.SpringBootTestContextBootstrapper : Loaded default TestExecutionListener class names from location [META-INF/spring.factories]: [org.springframework.boot.test.autoconfigure.restdocs.RestDocsTestExecutionListener, org.springframework.boot.test.autoconfigure.web.client.MockRestServiceServerResetTestExecutionListener, org.springframework.boot.test.autoconfigure.web.servlet.MockMvcPrintOnlyOnFailureTestExecutionListener, org.springframework.boot.test.autoconfigure.web.servlet.WebDriverTestExecutionListener, org.springframework.boot.test.autoconfigure.webservices.client.MockWebServiceServerTestExecutionListener, org.springframework.boot.test.mock.mockito.MockitoTestExecutionListener, org.springframework.boot.test.mock.mockito.ResetMocksTestExecutionListener, org.springframework.test.context.web.ServletTestExecutionListener, org.springframework.test.context.support.DirtiesContextBeforeModesTestExecutionListener, org.springframework.test.context.event.ApplicationEventsTestExecutionListener, org.springframework.test.context.support.DependencyInjectionTestExecutionListener, org.springframework.test.context.support.DirtiesContextTestExecutionListener, org.springframework.test.context.transaction.TransactionalTestExecutionListener, org.springframework.test.context.jdbc.SqlScriptsTestExecutionListener, org.springframework.test.context.event.EventPublishingTestExecutionListener]
2023-03-02 18:49:02.456  INFO 11481 --- [    Test worker] .b.t.c.SpringBootTestContextBootstrapper : Using TestExecutionListeners: [org.springframework.test.context.web.ServletTestExecutionListener@34bf66af, org.springframework.test.context.support.DirtiesContextBeforeModesTestExecutionListener@37364634, org.springframework.test.context.event.ApplicationEventsTestExecutionListener@3dec79f8, org.springframework.boot.test.mock.mockito.MockitoTestExecutionListener@5bf7f15f, org.springframework.boot.test.autoconfigure.SpringBootDependencyInjectionTestExecutionListener@14b26e90, org.springframework.test.context.support.DirtiesContextTestExecutionListener@11309dd4, org.springframework.test.context.event.EventPublishingTestExecutionListener@4f4d05b3, org.springframework.boot.test.autoconfigure.restdocs.RestDocsTestExecutionListener@2bd4780c, org.springframework.boot.test.autoconfigure.web.client.MockRestServiceServerResetTestExecutionListener@2c154508, org.springframework.boot.test.autoconfigure.web.servlet.MockMvcPrintOnlyOnFailureTestExecutionListener@395eb363, org.springframework.boot.test.autoconfigure.web.servlet.WebDriverTestExecutionListener@1e194966, org.springframework.boot.test.autoconfigure.webservices.client.MockWebServiceServerTestExecutionListener@160546b1, org.springframework.boot.test.mock.mockito.ResetMocksTestExecutionListener@103e7c7c]
2023-03-02 18:49:02.488  INFO 11481 --- [    Test worker] .b.t.c.SpringBootTestContextBootstrapper : Neither @ContextConfiguration nor @ContextHierarchy found for test class [com.eronalves.consultafrete.testeautomatizado.SpringConfig], using SpringBootContextLoader
2023-03-02 18:49:02.488  INFO 11481 --- [    Test worker] o.s.t.c.support.AbstractContextLoader    : Could not detect default resource locations for test class [com.eronalves.consultafrete.testeautomatizado.SpringConfig]: no resource found for suffixes {-context.xml, Context.groovy}.
2023-03-02 18:49:02.488  INFO 11481 --- [    Test worker] t.c.s.AnnotationConfigContextLoaderUtils : Could not detect default configuration classes for test class [com.eronalves.consultafrete.testeautomatizado.SpringConfig]: SpringConfig does not declare any static, non-private, non-final, nested classes annotated with @Configuration.
2023-03-02 18:49:02.490  INFO 11481 --- [    Test worker] .b.t.c.SpringBootTestContextBootstrapper : Found @SpringBootConfiguration com.eronalves.consultafrete.ConsultafreteApplication for test class com.eronalves.consultafrete.testeautomatizado.SpringConfig
2023-03-02 18:49:02.491  INFO 11481 --- [    Test worker] .b.t.c.SpringBootTestContextBootstrapper : Loaded default TestExecutionListener class names from location [META-INF/spring.factories]: [org.springframework.boot.test.autoconfigure.restdocs.RestDocsTestExecutionListener, org.springframework.boot.test.autoconfigure.web.client.MockRestServiceServerResetTestExecutionListener, org.springframework.boot.test.autoconfigure.web.servlet.MockMvcPrintOnlyOnFailureTestExecutionListener, org.springframework.boot.test.autoconfigure.web.servlet.WebDriverTestExecutionListener, org.springframework.boot.test.autoconfigure.webservices.client.MockWebServiceServerTestExecutionListener, org.springframework.boot.test.mock.mockito.MockitoTestExecutionListener, org.springframework.boot.test.mock.mockito.ResetMocksTestExecutionListener, org.springframework.test.context.web.ServletTestExecutionListener, org.springframework.test.context.support.DirtiesContextBeforeModesTestExecutionListener, org.springframework.test.context.event.ApplicationEventsTestExecutionListener, org.springframework.test.context.support.DependencyInjectionTestExecutionListener, org.springframework.test.context.support.DirtiesContextTestExecutionListener, org.springframework.test.context.transaction.TransactionalTestExecutionListener, org.springframework.test.context.jdbc.SqlScriptsTestExecutionListener, org.springframework.test.context.event.EventPublishingTestExecutionListener]
2023-03-02 18:49:02.508  INFO 11481 --- [    Test worker] .b.t.c.SpringBootTestContextBootstrapper : Using TestExecutionListeners: [org.springframework.test.context.web.ServletTestExecutionListener@68f9e807, org.springframework.test.context.support.DirtiesContextBeforeModesTestExecutionListener@23708f14, org.springframework.test.context.event.ApplicationEventsTestExecutionListener@3dfc59c5, org.springframework.boot.test.mock.mockito.MockitoTestExecutionListener@2cff5aa3, org.springframework.boot.test.autoconfigure.SpringBootDependencyInjectionTestExecutionListener@b6136eb, org.springframework.test.context.support.DirtiesContextTestExecutionListener@2cce10bc, org.springframework.test.context.event.EventPublishingTestExecutionListener@73234691, org.springframework.boot.test.autoconfigure.restdocs.RestDocsTestExecutionListener@25df2014, org.springframework.boot.test.autoconfigure.web.client.MockRestServiceServerResetTestExecutionListener@270b8c2a, org.springframework.boot.test.autoconfigure.web.servlet.MockMvcPrintOnlyOnFailureTestExecutionListener@7b9c2387, org.springframework.boot.test.autoconfigure.web.servlet.WebDriverTestExecutionListener@12e2f5ab, org.springframework.boot.test.autoconfigure.webservices.client.MockWebServiceServerTestExecutionListener@4e61a863, org.springframework.boot.test.mock.mockito.ResetMocksTestExecutionListener@35f01759]
</pre>
</span>
</div>
<div id="tab3" class="tab">
<h2>Standard error</h2>
<span class="code">
<pre>?[32m?[1m┌───────────────────────────────────────────────────────────────────────────────────┐?[0m
?[32m?[1m│?[0m Share your Cucumber Report with your team at ?[36m?[1m?[4mhttps://reports.cucumber.io?[0m          ?[32m?[1m│?[0m
?[32m?[1m│?[0m Activate publishing with one of the following:                                    ?[32m?[1m│?[0m
?[32m?[1m│?[0m                                                                                   ?[32m?[1m│?[0m
?[32m?[1m│?[0m src/test/resources/cucumber.properties:          ?[36mcucumber.publish.enabled?[0m=?[36mtrue?[0m    ?[32m?[1m│?[0m
?[32m?[1m│?[0m src/test/resources/junit-platform.properties:    ?[36mcucumber.publish.enabled?[0m=?[36mtrue?[0m    ?[32m?[1m│?[0m
?[32m?[1m│?[0m Environment variable:                            ?[36mCUCUMBER_PUBLISH_ENABLED?[0m=?[36mtrue?[0m    ?[32m?[1m│?[0m
?[32m?[1m│?[0m JUnit:                                           ?[36m@CucumberOptions?[0m(publish = ?[36mtrue?[0m) ?[32m?[1m│?[0m
?[32m?[1m│?[0m                                                                                   ?[32m?[1m│?[0m
?[32m?[1m│?[0m More information at ?[36mhttps://cucumber.io/docs/cucumber/environment-variables/?[0m      ?[32m?[1m│?[0m
?[32m?[1m│?[0m                                                                                   ?[32m?[1m│?[0m
?[32m?[1m│?[0m Disable this message with one of the following:                                   ?[32m?[1m│?[0m
?[32m?[1m│?[0m                                                                                   ?[32m?[1m│?[0m
?[32m?[1m│?[0m src/test/resources/cucumber.properties:          ?[36mcucumber.publish.quiet?[0m=?[36mtrue?[0m      ?[32m?[1m│?[0m
?[32m?[1m│?[0m src/test/resources/junit-platform.properties:    ?[36mcucumber.publish.quiet?[0m=?[36mtrue?[0m      ?[32m?[1m│?[0m
?[32m?[1m└───────────────────────────────────────────────────────────────────────────────────┘?[0m
</pre>
</span>
</div>
</div>
<div id="footer">
<p>
<div>
<label class="hidden" id="label-for-line-wrapping-toggle" for="line-wrapping-toggle">Wrap lines
<input id="line-wrapping-toggle" type="checkbox" autocomplete="off"/>
</label>
</div>Generated by 
<a href="http://www.gradle.org">Gradle 7.6.1</a> at 2 de mar. de 2023 18:49:02</p>
</div>
</div>
</body>
</html>
